Arguments: 
  C:\Program Files\nodejs\node.exe C:\Program Files (x86)\Yarn\bin\yarn.js init

PATH: 
  C:\ProgramData\DockerDesktop\version-bin;C:\Program Files\Docker\Docker\Resources\bin;C:\ProgramData\Oracle\Java\javapath;C:\tools\ruby23\bin;C:\Program Files (x86)\NVIDIA Corporation\PhysX\Common;C:\WINDOWS\system32;C:\WINDOWS;C:\WINDOWS\System32\Wbem;C:\WINDOWS\System32\WindowsPowerShell\v1.0\;C:\Program Files\Java\jdk1.8.0_111\bin;C:\Program Files\MySQL\MySQL Server 5.7\bin;C:\Program Files (x86)\Brackets\command;C:\ProgramData\chocolatey\bin;C:\Program Files\Microsoft SQL Server\130\Tools\Binn\;C:\Program Files\Microsoft SQL Server\120\Tools\Binn\;C:\Program Files\Microsoft SQL Server\Client SDK\ODBC\110\Tools\Binn\;C:\Program Files (x86)\Microsoft SQL Server\120\Tools\Binn\;C:\Program Files\Microsoft SQL Server\120\DTS\Binn\;C:\Program Files (x86)\Microsoft SQL Server\120\Tools\Binn\ManagementStudio\;C:\Program Files (x86)\Microsoft SQL Server\120\DTS\Binn\;C:\Program Files\dotnet\;C:\Program Files\PuTTY\;C:\WINDOWS\System32\OpenSSH\;C:\Program Files (x86)\Yarn\bin\;C:\Program Files\nodejs\;C:\Program Files\Git\cmd;C:\Users\Rodrigo David\Anaconda3;C:\Users\Rodrigo David\Anaconda3\Scripts;C:\Users\Rodrigo David\Anaconda3\Library\bin;C:\Users\Rodrigo David\AppData\Local\Programs\Python\Python36-32\Scripts\;C:\Users\Rodrigo David\AppData\Local\Programs\Python\Python36-32\;C:\Users\Rodrigo David\AppData\Local\Programs\Python\Python35-32\Scripts\;C:\Users\Rodrigo David\AppData\Local\Programs\Python\Python35-32\;C:\Users\Rodrigo David\AppData\Local\Microsoft\WindowsApps;C:\Users\Rodrigo David\AppData\Local\atom\bin;C:\Users\Rodrigo David\AppData\Local\Microsoft\WindowsApps;;C:\Users\Rodrigo David\AppData\Local\Programs\Microsoft VS Code\bin;C:\Users\Rodrigo David\AppData\Local\Yarn\bin;C:\Users\Rodrigo David\AppData\Roaming\npm

Yarn version: 
  1.19.0

Node version: 
  10.16.3

Platform: 
  win32 x64

Trace: 
  Error: canceled
      at Interface.<anonymous> (C:\Program Files (x86)\Yarn\lib\cli.js:136799:13)
      at Interface.emit (events.js:198:13)
      at Interface._ttyWrite (readline.js:801:16)
      at ReadStream.onkeypress (readline.js:184:10)
      at ReadStream.emit (events.js:198:13)
      at emitKeys (internal/readline.js:424:14)
      at emitKeys.next (<anonymous>)
      at ReadStream.onData (readline.js:1075:36)
      at ReadStream.emit (events.js:198:13)
      at addChunk (_stream_readable.js:288:12)

npm manifest: 
  No manifest

yarn manifest: 
  No manifest

Lockfile: 
  No lockfile
